[2024-02-12 18:53:41] local.ERROR: SQLSTATE[42S02]: Base table or view not found: 1146 Table 'msuccess2.roles' doesn't exist (Connection: mysql, SQL: insert into `roles` (`name`) values (Admin), (Super Admin), (Teachers), (Student)) {"exception":"[object] (Illuminate\\Database\\QueryException(code: 42S02): SQLSTATE[42S02]: Base table or view not found: 1146 Table 'msuccess2.roles' doesn't exist (Connection: mysql, SQL: insert into `roles` (`name`) values (Admin), (Super Admin), (Teachers), (Student)) at C:\\Users\\zakar\\OneDrive\\Desktop\\MSuccess_V1.0\\vendor\\laravel\\framework\\src\\Illuminate\\Database\\Connection.php:801)
[stacktrace]
#0 C:\\Users\\zakar\\OneDrive\\Desktop\\MSuccess_V1.0\\vendor\\laravel\\framework\\src\\Illuminate\\Database\\Connection.php(755): Illuminate\\Database\\Connection->runQueryCallback('insert into `ro...', Array, Object(Closure))
#1 C:\\Users\\zakar\\OneDrive\\Desktop\\MSuccess_V1.0\\vendor\\laravel\\framework\\src\\Illuminate\\Database\\Connection.php(569): Illuminate\\Database\\Connection->run('insert into `ro...', Array, Object(Closure))
#2 C:\\Users\\zakar\\OneDrive\\Desktop\\MSuccess_V1.0\\vendor\\laravel\\framework\\src\\Illuminate\\Database\\Connection.php(533): Illuminate\\Database\\Connection->statement('insert into `ro...', Array)
#3 C:\\Users\\zakar\\OneDrive\\Desktop\\MSuccess_V1.0\\vendor\\laravel\\framework\\src\\Illuminate\\Database\\Query\\Builder.php(3336): Illuminate\\Database\\Connection->insert('insert into `ro...', Array)
#4 C:\\Users\\zakar\\OneDrive\\Desktop\\MSuccess_V1.0\\database\\seeders\\RolesTableSeeder.php(12): Illuminate\\Database\\Query\\Builder->insert(Array)
#5 C:\\Users\\zakar\\OneDrive\\Desktop\\MSuccess_V1.0\\vendor\\laravel\\framework\\src\\Illuminate\\Container\\BoundMethod.php(36): Database\\Seeders\\RolesTableSeeder->run()
#6 C:\\Users\\zakar\\OneDrive\\Desktop\\MSuccess_V1.0\\vendor\\laravel\\framework\\src\\Illuminate\\Container\\Util.php(41): Illuminate\\Container\\BoundMethod::Illuminate\\Container\\{closure}()
#7 C:\\Users\\zakar\\OneDrive\\Desktop\\MSuccess_V1.0\\vendor\\laravel\\framework\\src\\Illuminate\\Container\\BoundMethod.php(93): Illuminate\\Container\\Util::unwrapIfClosure(Object(Closure))
#8 C:\\Users\\zakar\\OneDrive\\Desktop\\MSuccess_V1.0\\vendor\\laravel\\framework\\src\\Illuminate\\Container\\BoundMethod.php(35): Illuminate\\Container\\BoundMethod::callBoundMethod(Object(Illuminate\\Foundation\\Application), Array, Object(Closure))
#9 C:\\Users\\zakar\\OneDrive\\Desktop\\MSuccess_V1.0\\vendor\\laravel\\framework\\src\\Illuminate\\Container\\Container.php(662): Illuminate\\Container\\BoundMethod::call(Object(Illuminate\\Foundation\\Application), Array, Array, NULL)
#10 C:\\Users\\zakar\\OneDrive\\Desktop\\MSuccess_V1.0\\vendor\\laravel\\framework\\src\\Illuminate\\Database\\Seeder.php(184): Illuminate\\Container\\Container->call(Array, Array)
#11 C:\\Users\\zakar\\OneDrive\\Desktop\\MSuccess_V1.0\\vendor\\laravel\\framework\\src\\Illuminate\\Database\\Seeder.php(193): Illuminate\\Database\\Seeder->Illuminate\\Database\\{closure}()
#12 C:\\Users\\zakar\\OneDrive\\Desktop\\MSuccess_V1.0\\vendor\\laravel\\framework\\src\\Illuminate\\Database\\Console\\Seeds\\SeedCommand.php(70): Illuminate\\Database\\Seeder->__invoke()
#13 C:\\Users\\zakar\\OneDrive\\Desktop\\MSuccess_V1.0\\vendor\\laravel\\framework\\src\\Illuminate\\Database\\Eloquent\\Concerns\\GuardsAttributes.php(155): Illuminate\\Database\\Console\\Seeds\\SeedCommand->Illuminate\\Database\\Console\\Seeds\\{closure}()
#14 C:\\Users\\zakar\\OneDrive\\Desktop\\MSuccess_V1.0\\vendor\\laravel\\framework\\src\\Illuminate\\Database\\Console\\Seeds\\SeedCommand.php(69): Illuminate\\Database\\Eloquent\\Model::unguarded(Object(Closure))
#15 C:\\Users\\zakar\\OneDrive\\Desktop\\MSuccess_V1.0\\vendor\\laravel\\framework\\src\\Illuminate\\Container\\BoundMethod.php(36): Illuminate\\Database\\Console\\Seeds\\SeedCommand->handle()
#16 C:\\Users\\zakar\\OneDrive\\Desktop\\MSuccess_V1.0\\vendor\\laravel\\framework\\src\\Illuminate\\Container\\Util.php(41): Illuminate\\Container\\BoundMethod::Illuminate\\Container\\{closure}()
#17 C:\\Users\\zakar\\OneDrive\\Desktop\\MSuccess_V1.0\\vendor\\laravel\\framework\\src\\Illuminate\\Container\\BoundMethod.php(93): Illuminate\\Container\\Util::unwrapIfClosure(Object(Closure))
#18 C:\\Users\\zakar\\OneDrive\\Desktop\\MSuccess_V1.0\\vendor\\laravel\\framework\\src\\Illuminate\\Container\\BoundMethod.php(35): Illuminate\\Container\\BoundMethod::callBoundMethod(Object(Illuminate\\Foundation\\Application), Array, Object(Closure))
#19 C:\\Users\\zakar\\OneDrive\\Desktop\\MSuccess_V1.0\\vendor\\laravel\\framework\\src\\Illuminate\\Container\\Container.php(662): Illuminate\\Container\\BoundMethod::call(Object(Illuminate\\Foundation\\Application), Array, Array, NULL)
#20 C:\\Users\\zakar\\OneDrive\\Desktop\\MSuccess_V1.0\\vendor\\laravel\\framework\\src\\Illuminate\\Console\\Command.php(211): Illuminate\\Container\\Container->call(Array)
#21 C:\\Users\\zakar\\OneDrive\\Desktop\\MSuccess_V1.0\\vendor\\symfony\\console\\Command\\Command.php(326): Illuminate\\Console\\Command->execute(Object(Symfony\\Component\\Console\\Input\\ArgvInput), Object(Illuminate\\Console\\OutputStyle))
#22 C:\\Users\\zakar\\OneDrive\\Desktop\\MSuccess_V1.0\\vendor\\laravel\\framework\\src\\Illuminate\\Console\\Command.php(180): Symfony\\Component\\Console\\Command\\Command->run(Object(Symfony\\Component\\Console\\Input\\ArgvInput), Object(Illuminate\\Console\\OutputStyle))
#23 C:\\Users\\zakar\\OneDrive\\Desktop\\MSuccess_V1.0\\vendor\\symfony\\console\\Application.php(1081): Illuminate\\Console\\Command->run(Object(Symfony\\Component\\Console\\Input\\ArgvInput), Object(Symfony\\Component\\Console\\Output\\ConsoleOutput))
#24 C:\\Users\\zakar\\OneDrive\\Desktop\\MSuccess_V1.0\\vendor\\symfony\\console\\Application.php(320): Symfony\\Component\\Console\\Application->doRunCommand(Object(Illuminate\\Database\\Console\\Seeds\\SeedCommand), Object(Symfony\\Component\\Console\\Input\\ArgvInput), Object(Symfony\\Component\\Console\\Output\\ConsoleOutput))
#25 C:\\Users\\zakar\\OneDrive\\Desktop\\MSuccess_V1.0\\vendor\\symfony\\console\\Application.php(174): Symfony\\Component\\Console\\Application->doRun(Object(Symfony\\Component\\Console\\Input\\ArgvInput), Object(Symfony\\Component\\Console\\Output\\ConsoleOutput))
#26 C:\\Users\\zakar\\OneDrive\\Desktop\\MSuccess_V1.0\\vendor\\laravel\\framework\\src\\Illuminate\\Foundation\\Console\\Kernel.php(201): Symfony\\Component\\Console\\Application->run(Object(Symfony\\Component\\Console\\Input\\ArgvInput), Object(Symfony\\Component\\Console\\Output\\ConsoleOutput))
#27 C:\\Users\\zakar\\OneDrive\\Desktop\\MSuccess_V1.0\\artisan(35): Illuminate\\Foundation\\Console\\Kernel->handle(Object(Symfony\\Component\\Console\\Input\\ArgvInput), Object(Symfony\\Component\\Console\\Output\\ConsoleOutput))
#28 {main}

[previous exception] [object] (PDOException(code: 42S02): SQLSTATE[42S02]: Base table or view not found: 1146 Table 'msuccess2.roles' doesn't exist at C:\\Users\\zakar\\OneDrive\\Desktop\\MSuccess_V1.0\\vendor\\laravel\\framework\\src\\Illuminate\\Database\\Connection.php:574)
[stacktrace]
#0 C:\\Users\\zakar\\OneDrive\\Desktop\\MSuccess_V1.0\\vendor\\laravel\\framework\\src\\Illuminate\\Database\\Connection.php(574): PDO->prepare('insert into `ro...')
#1 C:\\Users\\zakar\\OneDrive\\Desktop\\MSuccess_V1.0\\vendor\\laravel\\framework\\src\\Illuminate\\Database\\Connection.php(788): Illuminate\\Database\\Connection->Illuminate\\Database\\{closure}('insert into `ro...', Array)
#2 C:\\Users\\zakar\\OneDrive\\Desktop\\MSuccess_V1.0\\vendor\\laravel\\framework\\src\\Illuminate\\Database\\Connection.php(755): Illuminate\\Database\\Connection->runQueryCallback('insert into `ro...', Array, Object(Closure))
#3 C:\\Users\\zakar\\OneDrive\\Desktop\\MSuccess_V1.0\\vendor\\laravel\\framework\\src\\Illuminate\\Database\\Connection.php(569): Illuminate\\Database\\Connection->run('insert into `ro...', Array, Object(Closure))
#4 C:\\Users\\zakar\\OneDrive\\Desktop\\MSuccess_V1.0\\vendor\\laravel\\framework\\src\\Illuminate\\Database\\Connection.php(533): Illuminate\\Database\\Connection->statement('insert into `ro...', Array)
#5 C:\\Users\\zakar\\OneDrive\\Desktop\\MSuccess_V1.0\\vendor\\laravel\\framework\\src\\Illuminate\\Database\\Query\\Builder.php(3336): Illuminate\\Database\\Connection->insert('insert into `ro...', Array)
#6 C:\\Users\\zakar\\OneDrive\\Desktop\\MSuccess_V1.0\\database\\seeders\\RolesTableSeeder.php(12): Illuminate\\Database\\Query\\Builder->insert(Array)
#7 C:\\Users\\zakar\\OneDrive\\Desktop\\MSuccess_V1.0\\vendor\\laravel\\framework\\src\\Illuminate\\Container\\BoundMethod.php(36): Database\\Seeders\\RolesTableSeeder->run()
#8 C:\\Users\\zakar\\OneDrive\\Desktop\\MSuccess_V1.0\\vendor\\laravel\\framework\\src\\Illuminate\\Container\\Util.php(41): Illuminate\\Container\\BoundMethod::Illuminate\\Container\\{closure}()
#9 C:\\Users\\zakar\\OneDrive\\Desktop\\MSuccess_V1.0\\vendor\\laravel\\framework\\src\\Illuminate\\Container\\BoundMethod.php(93): Illuminate\\Container\\Util::unwrapIfClosure(Object(Closure))
#10 C:\\Users\\zakar\\OneDrive\\Desktop\\MSuccess_V1.0\\vendor\\laravel\\framework\\src\\Illuminate\\Container\\BoundMethod.php(35): Illuminate\\Container\\BoundMethod::callBoundMethod(Object(Illuminate\\Foundation\\Application), Array, Object(Closure))
#11 C:\\Users\\zakar\\OneDrive\\Desktop\\MSuccess_V1.0\\vendor\\laravel\\framework\\src\\Illuminate\\Container\\Container.php(662): Illuminate\\Container\\BoundMethod::call(Object(Illuminate\\Foundation\\Application), Array, Array, NULL)
#12 C:\\Users\\zakar\\OneDrive\\Desktop\\MSuccess_V1.0\\vendor\\laravel\\framework\\src\\Illuminate\\Database\\Seeder.php(184): Illuminate\\Container\\Container->call(Array, Array)
#13 C:\\Users\\zakar\\OneDrive\\Desktop\\MSuccess_V1.0\\vendor\\laravel\\framework\\src\\Illuminate\\Database\\Seeder.php(193): Illuminate\\Database\\Seeder->Illuminate\\Database\\{closure}()
#14 C:\\Users\\zakar\\OneDrive\\Desktop\\MSuccess_V1.0\\vendor\\laravel\\framework\\src\\Illuminate\\Database\\Console\\Seeds\\SeedCommand.php(70): Illuminate\\Database\\Seeder->__invoke()
#15 C:\\Users\\zakar\\OneDrive\\Desktop\\MSuccess_V1.0\\vendor\\laravel\\framework\\src\\Illuminate\\Database\\Eloquent\\Concerns\\GuardsAttributes.php(155): Illuminate\\Database\\Console\\Seeds\\SeedCommand->Illuminate\\Database\\Console\\Seeds\\{closure}()
#16 C:\\Users\\zakar\\OneDrive\\Desktop\\MSuccess_V1.0\\vendor\\laravel\\framework\\src\\Illuminate\\Database\\Console\\Seeds\\SeedCommand.php(69): Illuminate\\Database\\Eloquent\\Model::unguarded(Object(Closure))
#17 C:\\Users\\zakar\\OneDrive\\Desktop\\MSuccess_V1.0\\vendor\\laravel\\framework\\src\\Illuminate\\Container\\BoundMethod.php(36): Illuminate\\Database\\Console\\Seeds\\SeedCommand->handle()
#18 C:\\Users\\zakar\\OneDrive\\Desktop\\MSuccess_V1.0\\vendor\\laravel\\framework\\src\\Illuminate\\Container\\Util.php(41): Illuminate\\Container\\BoundMethod::Illuminate\\Container\\{closure}()
#19 C:\\Users\\zakar\\OneDrive\\Desktop\\MSuccess_V1.0\\vendor\\laravel\\framework\\src\\Illuminate\\Container\\BoundMethod.php(93): Illuminate\\Container\\Util::unwrapIfClosure(Object(Closure))
#20 C:\\Users\\zakar\\OneDrive\\Desktop\\MSuccess_V1.0\\vendor\\laravel\\framework\\src\\Illuminate\\Container\\BoundMethod.php(35): Illuminate\\Container\\BoundMethod::callBoundMethod(Object(Illuminate\\Foundation\\Application), Array, Object(Closure))
#21 C:\\Users\\zakar\\OneDrive\\Desktop\\MSuccess_V1.0\\vendor\\laravel\\framework\\src\\Illuminate\\Container\\Container.php(662): Illuminate\\Container\\BoundMethod::call(Object(Illuminate\\Foundation\\Application), Array, Array, NULL)
#22 C:\\Users\\zakar\\OneDrive\\Desktop\\MSuccess_V1.0\\vendor\\laravel\\framework\\src\\Illuminate\\Console\\Command.php(211): Illuminate\\Container\\Container->call(Array)
#23 C:\\Users\\zakar\\OneDrive\\Desktop\\MSuccess_V1.0\\vendor\\symfony\\console\\Command\\Command.php(326): Illuminate\\Console\\Command->execute(Object(Symfony\\Component\\Console\\Input\\ArgvInput), Object(Illuminate\\Console\\OutputStyle))
#24 C:\\Users\\zakar\\OneDrive\\Desktop\\MSuccess_V1.0\\vendor\\laravel\\framework\\src\\Illuminate\\Console\\Command.php(180): Symfony\\Component\\Console\\Command\\Command->run(Object(Symfony\\Component\\Console\\Input\\ArgvInput), Object(Illuminate\\Console\\OutputStyle))
#25 C:\\Users\\zakar\\OneDrive\\Desktop\\MSuccess_V1.0\\vendor\\symfony\\console\\Application.php(1081): Illuminate\\Console\\Command->run(Object(Symfony\\Component\\Console\\Input\\ArgvInput), Object(Symfony\\Component\\Console\\Output\\ConsoleOutput))
#26 C:\\Users\\zakar\\OneDrive\\Desktop\\MSuccess_V1.0\\vendor\\symfony\\console\\Application.php(320): Symfony\\Component\\Console\\Application->doRunCommand(Object(Illuminate\\Database\\Console\\Seeds\\SeedCommand), Object(Symfony\\Component\\Console\\Input\\ArgvInput), Object(Symfony\\Component\\Console\\Output\\ConsoleOutput))
#27 C:\\Users\\zakar\\OneDrive\\Desktop\\MSuccess_V1.0\\vendor\\symfony\\console\\Application.php(174): Symfony\\Component\\Console\\Application->doRun(Object(Symfony\\Component\\Console\\Input\\ArgvInput), Object(Symfony\\Component\\Console\\Output\\ConsoleOutput))
#28 C:\\Users\\zakar\\OneDrive\\Desktop\\MSuccess_V1.0\\vendor\\laravel\\framework\\src\\Illuminate\\Foundation\\Console\\Kernel.php(201): Symfony\\Component\\Console\\Application->run(Object(Symfony\\Component\\Console\\Input\\ArgvInput), Object(Symfony\\Component\\Console\\Output\\ConsoleOutput))
#29 C:\\Users\\zakar\\OneDrive\\Desktop\\MSuccess_V1.0\\artisan(35): Illuminate\\Foundation\\Console\\Kernel->handle(Object(Symfony\\Component\\Console\\Input\\ArgvInput), Object(Symfony\\Component\\Console\\Output\\ConsoleOutput))
#30 {main}
"} 
