[2025-05-18 11:23:13] production.ERROR: file_get_contents(C:\Users\Jakarta1337\Documents\GitHub\MSuccess\.env): Failed to open stream: No such file or directory {"exception":"[object] (ErrorException(code: 0): file_get_contents(C:\\Users\\Jakarta1337\\Documents\\GitHub\\MSuccess\\.env): Failed to open stream: No such file or directory at C:\\Users\\Jakarta1337\\Documents\\GitHub\\MSuccess\\vendor\\laravel\\framework\\src\\Illuminate\\Foundation\\Console\\KeyGenerateCommand.php:100)
[stacktrace]
#0 C:\\Users\\Jakarta1337\\Documents\\GitHub\\MSuccess\\vendor\\laravel\\framework\\src\\Illuminate\\Foundation\\Bootstrap\\HandleExceptions.php(255): Illuminate\\Foundation\\Bootstrap\\HandleExceptions->handleError()
#1 [internal function]: Illuminate\\Foundation\\Bootstrap\\HandleExceptions->{closure:Illuminate\\Foundation\\Bootstrap\\HandleExceptions::forwardsTo():254}()
#2 C:\\Users\\Jakarta1337\\Documents\\GitHub\\MSuccess\\vendor\\laravel\\framework\\src\\Illuminate\\Foundation\\Console\\KeyGenerateCommand.php(100): file_get_contents()
#3 C:\\Users\\Jakarta1337\\Documents\\GitHub\\MSuccess\\vendor\\laravel\\framework\\src\\Illuminate\\Foundation\\Console\\KeyGenerateCommand.php(82): Illuminate\\Foundation\\Console\\KeyGenerateCommand->writeNewEnvironmentFileWith()
#4 C:\\Users\\Jakarta1337\\Documents\\GitHub\\MSuccess\\vendor\\laravel\\framework\\src\\Illuminate\\Foundation\\Console\\KeyGenerateCommand.php(47): Illuminate\\Foundation\\Console\\KeyGenerateCommand->setKeyInEnvironmentFile()
#5 C:\\Users\\Jakarta1337\\Documents\\GitHub\\MSuccess\\vendor\\laravel\\framework\\src\\Illuminate\\Container\\BoundMethod.php(36): Illuminate\\Foundation\\Console\\KeyGenerateCommand->handle()
#6 C:\\Users\\Jakarta1337\\Documents\\GitHub\\MSuccess\\vendor\\laravel\\framework\\src\\Illuminate\\Container\\Util.php(41): Illuminate\\Container\\BoundMethod::{closure:Illuminate\\Container\\BoundMethod::call():35}()
#7 C:\\Users\\Jakarta1337\\Documents\\GitHub\\MSuccess\\vendor\\laravel\\framework\\src\\Illuminate\\Container\\BoundMethod.php(93): Illuminate\\Container\\Util::unwrapIfClosure()
#8 C:\\Users\\Jakarta1337\\Documents\\GitHub\\MSuccess\\vendor\\laravel\\framework\\src\\Illuminate\\Container\\BoundMethod.php(35): Illuminate\\Container\\BoundMethod::callBoundMethod()
#9 C:\\Users\\Jakarta1337\\Documents\\GitHub\\MSuccess\\vendor\\laravel\\framework\\src\\Illuminate\\Container\\Container.php(662): Illuminate\\Container\\BoundMethod::call()
#10 C:\\Users\\Jakarta1337\\Documents\\GitHub\\MSuccess\\vendor\\laravel\\framework\\src\\Illuminate\\Console\\Command.php(211): Illuminate\\Container\\Container->call()
#11 C:\\Users\\Jakarta1337\\Documents\\GitHub\\MSuccess\\vendor\\symfony\\console\\Command\\Command.php(326): Illuminate\\Console\\Command->execute()
#12 C:\\Users\\Jakarta1337\\Documents\\GitHub\\MSuccess\\vendor\\laravel\\framework\\src\\Illuminate\\Console\\Command.php(180): Symfony\\Component\\Console\\Command\\Command->run()
#13 C:\\Users\\Jakarta1337\\Documents\\GitHub\\MSuccess\\vendor\\symfony\\console\\Application.php(1096): Illuminate\\Console\\Command->run()
#14 C:\\Users\\Jakarta1337\\Documents\\GitHub\\MSuccess\\vendor\\symfony\\console\\Application.php(324): Symfony\\Component\\Console\\Application->doRunCommand()
#15 C:\\Users\\Jakarta1337\\Documents\\GitHub\\MSuccess\\vendor\\symfony\\console\\Application.php(175): Symfony\\Component\\Console\\Application->doRun()
#16 C:\\Users\\Jakarta1337\\Documents\\GitHub\\MSuccess\\vendor\\laravel\\framework\\src\\Illuminate\\Foundation\\Console\\Kernel.php(201): Symfony\\Component\\Console\\Application->run()
#17 C:\\Users\\Jakarta1337\\Documents\\GitHub\\MSuccess\\artisan(35): Illuminate\\Foundation\\Console\\Kernel->handle()
#18 {main}
"} 
[2025-05-18 11:26:49] local.ERROR: The provided cwd "C:\Users\Jakarta1337\Documents\GitHub\MSuccess\public" does not exist. {"exception":"[object] (Symfony\\Component\\Process\\Exception\\RuntimeException(code: 0): The provided cwd \"C:\\Users\\Jakarta1337\\Documents\\GitHub\\MSuccess\\public\" does not exist. at C:\\Users\\Jakarta1337\\Documents\\GitHub\\MSuccess\\vendor\\symfony\\process\\Process.php:343)
[stacktrace]
#0 C:\\Users\\Jakarta1337\\Documents\\GitHub\\MSuccess\\vendor\\laravel\\framework\\src\\Illuminate\\Foundation\\Console\\ServeCommand.php(154): Symfony\\Component\\Process\\Process->start()
#1 C:\\Users\\Jakarta1337\\Documents\\GitHub\\MSuccess\\vendor\\laravel\\framework\\src\\Illuminate\\Foundation\\Console\\ServeCommand.php(93): Illuminate\\Foundation\\Console\\ServeCommand->startProcess()
#2 C:\\Users\\Jakarta1337\\Documents\\GitHub\\MSuccess\\vendor\\laravel\\framework\\src\\Illuminate\\Container\\BoundMethod.php(36): Illuminate\\Foundation\\Console\\ServeCommand->handle()
#3 C:\\Users\\Jakarta1337\\Documents\\GitHub\\MSuccess\\vendor\\laravel\\framework\\src\\Illuminate\\Container\\Util.php(41): Illuminate\\Container\\BoundMethod::{closure:Illuminate\\Container\\BoundMethod::call():35}()
#4 C:\\Users\\Jakarta1337\\Documents\\GitHub\\MSuccess\\vendor\\laravel\\framework\\src\\Illuminate\\Container\\BoundMethod.php(93): Illuminate\\Container\\Util::unwrapIfClosure()
#5 C:\\Users\\Jakarta1337\\Documents\\GitHub\\MSuccess\\vendor\\laravel\\framework\\src\\Illuminate\\Container\\BoundMethod.php(35): Illuminate\\Container\\BoundMethod::callBoundMethod()
#6 C:\\Users\\Jakarta1337\\Documents\\GitHub\\MSuccess\\vendor\\laravel\\framework\\src\\Illuminate\\Container\\Container.php(662): Illuminate\\Container\\BoundMethod::call()
#7 C:\\Users\\Jakarta1337\\Documents\\GitHub\\MSuccess\\vendor\\laravel\\framework\\src\\Illuminate\\Console\\Command.php(211): Illuminate\\Container\\Container->call()
#8 C:\\Users\\Jakarta1337\\Documents\\GitHub\\MSuccess\\vendor\\symfony\\console\\Command\\Command.php(326): Illuminate\\Console\\Command->execute()
#9 C:\\Users\\Jakarta1337\\Documents\\GitHub\\MSuccess\\vendor\\laravel\\framework\\src\\Illuminate\\Console\\Command.php(180): Symfony\\Component\\Console\\Command\\Command->run()
#10 C:\\Users\\Jakarta1337\\Documents\\GitHub\\MSuccess\\vendor\\symfony\\console\\Application.php(1096): Illuminate\\Console\\Command->run()
#11 C:\\Users\\Jakarta1337\\Documents\\GitHub\\MSuccess\\vendor\\symfony\\console\\Application.php(324): Symfony\\Component\\Console\\Application->doRunCommand()
#12 C:\\Users\\Jakarta1337\\Documents\\GitHub\\MSuccess\\vendor\\symfony\\console\\Application.php(175): Symfony\\Component\\Console\\Application->doRun()
#13 C:\\Users\\Jakarta1337\\Documents\\GitHub\\MSuccess\\vendor\\laravel\\framework\\src\\Illuminate\\Foundation\\Console\\Kernel.php(201): Symfony\\Component\\Console\\Application->run()
#14 C:\\Users\\Jakarta1337\\Documents\\GitHub\\MSuccess\\artisan(35): Illuminate\\Foundation\\Console\\Kernel->handle()
#15 {main}
"} 
[2025-05-18 11:28:01] local.ERROR: The provided cwd "C:\Users\Jakarta1337\Documents\GitHub\MSuccess\public" does not exist. {"exception":"[object] (Symfony\\Component\\Process\\Exception\\RuntimeException(code: 0): The provided cwd \"C:\\Users\\Jakarta1337\\Documents\\GitHub\\MSuccess\\public\" does not exist. at C:\\Users\\Jakarta1337\\Documents\\GitHub\\MSuccess\\vendor\\symfony\\process\\Process.php:343)
[stacktrace]
#0 C:\\Users\\Jakarta1337\\Documents\\GitHub\\MSuccess\\vendor\\laravel\\framework\\src\\Illuminate\\Foundation\\Console\\ServeCommand.php(154): Symfony\\Component\\Process\\Process->start()
#1 C:\\Users\\Jakarta1337\\Documents\\GitHub\\MSuccess\\vendor\\laravel\\framework\\src\\Illuminate\\Foundation\\Console\\ServeCommand.php(93): Illuminate\\Foundation\\Console\\ServeCommand->startProcess()
#2 C:\\Users\\Jakarta1337\\Documents\\GitHub\\MSuccess\\vendor\\laravel\\framework\\src\\Illuminate\\Container\\BoundMethod.php(36): Illuminate\\Foundation\\Console\\ServeCommand->handle()
#3 C:\\Users\\Jakarta1337\\Documents\\GitHub\\MSuccess\\vendor\\laravel\\framework\\src\\Illuminate\\Container\\Util.php(41): Illuminate\\Container\\BoundMethod::{closure:Illuminate\\Container\\BoundMethod::call():35}()
#4 C:\\Users\\Jakarta1337\\Documents\\GitHub\\MSuccess\\vendor\\laravel\\framework\\src\\Illuminate\\Container\\BoundMethod.php(93): Illuminate\\Container\\Util::unwrapIfClosure()
#5 C:\\Users\\Jakarta1337\\Documents\\GitHub\\MSuccess\\vendor\\laravel\\framework\\src\\Illuminate\\Container\\BoundMethod.php(35): Illuminate\\Container\\BoundMethod::callBoundMethod()
#6 C:\\Users\\Jakarta1337\\Documents\\GitHub\\MSuccess\\vendor\\laravel\\framework\\src\\Illuminate\\Container\\Container.php(662): Illuminate\\Container\\BoundMethod::call()
#7 C:\\Users\\Jakarta1337\\Documents\\GitHub\\MSuccess\\vendor\\laravel\\framework\\src\\Illuminate\\Console\\Command.php(211): Illuminate\\Container\\Container->call()
#8 C:\\Users\\Jakarta1337\\Documents\\GitHub\\MSuccess\\vendor\\symfony\\console\\Command\\Command.php(326): Illuminate\\Console\\Command->execute()
#9 C:\\Users\\Jakarta1337\\Documents\\GitHub\\MSuccess\\vendor\\laravel\\framework\\src\\Illuminate\\Console\\Command.php(180): Symfony\\Component\\Console\\Command\\Command->run()
#10 C:\\Users\\Jakarta1337\\Documents\\GitHub\\MSuccess\\vendor\\symfony\\console\\Application.php(1096): Illuminate\\Console\\Command->run()
#11 C:\\Users\\Jakarta1337\\Documents\\GitHub\\MSuccess\\vendor\\symfony\\console\\Application.php(324): Symfony\\Component\\Console\\Application->doRunCommand()
#12 C:\\Users\\Jakarta1337\\Documents\\GitHub\\MSuccess\\vendor\\symfony\\console\\Application.php(175): Symfony\\Component\\Console\\Application->doRun()
#13 C:\\Users\\Jakarta1337\\Documents\\GitHub\\MSuccess\\vendor\\laravel\\framework\\src\\Illuminate\\Foundation\\Console\\Kernel.php(201): Symfony\\Component\\Console\\Application->run()
#14 C:\\Users\\Jakarta1337\\Documents\\GitHub\\MSuccess\\artisan(35): Illuminate\\Foundation\\Console\\Kernel->handle()
#15 {main}
"} 
[2025-05-18 11:28:38] local.ERROR: The provided cwd "C:\Users\Jakarta1337\Documents\GitHub\MSuccess\public" does not exist. {"exception":"[object] (Symfony\\Component\\Process\\Exception\\RuntimeException(code: 0): The provided cwd \"C:\\Users\\Jakarta1337\\Documents\\GitHub\\MSuccess\\public\" does not exist. at C:\\Users\\Jakarta1337\\Documents\\GitHub\\MSuccess\\vendor\\symfony\\process\\Process.php:343)
[stacktrace]
#0 C:\\Users\\Jakarta1337\\Documents\\GitHub\\MSuccess\\vendor\\laravel\\framework\\src\\Illuminate\\Foundation\\Console\\ServeCommand.php(154): Symfony\\Component\\Process\\Process->start()
#1 C:\\Users\\Jakarta1337\\Documents\\GitHub\\MSuccess\\vendor\\laravel\\framework\\src\\Illuminate\\Foundation\\Console\\ServeCommand.php(93): Illuminate\\Foundation\\Console\\ServeCommand->startProcess()
#2 C:\\Users\\Jakarta1337\\Documents\\GitHub\\MSuccess\\vendor\\laravel\\framework\\src\\Illuminate\\Container\\BoundMethod.php(36): Illuminate\\Foundation\\Console\\ServeCommand->handle()
#3 C:\\Users\\Jakarta1337\\Documents\\GitHub\\MSuccess\\vendor\\laravel\\framework\\src\\Illuminate\\Container\\Util.php(41): Illuminate\\Container\\BoundMethod::{closure:Illuminate\\Container\\BoundMethod::call():35}()
#4 C:\\Users\\Jakarta1337\\Documents\\GitHub\\MSuccess\\vendor\\laravel\\framework\\src\\Illuminate\\Container\\BoundMethod.php(93): Illuminate\\Container\\Util::unwrapIfClosure()
#5 C:\\Users\\Jakarta1337\\Documents\\GitHub\\MSuccess\\vendor\\laravel\\framework\\src\\Illuminate\\Container\\BoundMethod.php(35): Illuminate\\Container\\BoundMethod::callBoundMethod()
#6 C:\\Users\\Jakarta1337\\Documents\\GitHub\\MSuccess\\vendor\\laravel\\framework\\src\\Illuminate\\Container\\Container.php(662): Illuminate\\Container\\BoundMethod::call()
#7 C:\\Users\\Jakarta1337\\Documents\\GitHub\\MSuccess\\vendor\\laravel\\framework\\src\\Illuminate\\Console\\Command.php(211): Illuminate\\Container\\Container->call()
#8 C:\\Users\\Jakarta1337\\Documents\\GitHub\\MSuccess\\vendor\\symfony\\console\\Command\\Command.php(326): Illuminate\\Console\\Command->execute()
#9 C:\\Users\\Jakarta1337\\Documents\\GitHub\\MSuccess\\vendor\\laravel\\framework\\src\\Illuminate\\Console\\Command.php(180): Symfony\\Component\\Console\\Command\\Command->run()
#10 C:\\Users\\Jakarta1337\\Documents\\GitHub\\MSuccess\\vendor\\symfony\\console\\Application.php(1096): Illuminate\\Console\\Command->run()
#11 C:\\Users\\Jakarta1337\\Documents\\GitHub\\MSuccess\\vendor\\symfony\\console\\Application.php(324): Symfony\\Component\\Console\\Application->doRunCommand()
#12 C:\\Users\\Jakarta1337\\Documents\\GitHub\\MSuccess\\vendor\\symfony\\console\\Application.php(175): Symfony\\Component\\Console\\Application->doRun()
#13 C:\\Users\\Jakarta1337\\Documents\\GitHub\\MSuccess\\vendor\\laravel\\framework\\src\\Illuminate\\Foundation\\Console\\Kernel.php(201): Symfony\\Component\\Console\\Application->run()
#14 C:\\Users\\Jakarta1337\\Documents\\GitHub\\MSuccess\\artisan(35): Illuminate\\Foundation\\Console\\Kernel->handle()
#15 {main}
"} 
[2025-05-18 11:29:31] local.ERROR: The provided cwd "C:\Users\Jakarta1337\Documents\GitHub\MSuccess\public" does not exist. {"exception":"[object] (Symfony\\Component\\Process\\Exception\\RuntimeException(code: 0): The provided cwd \"C:\\Users\\Jakarta1337\\Documents\\GitHub\\MSuccess\\public\" does not exist. at C:\\Users\\Jakarta1337\\Documents\\GitHub\\MSuccess\\vendor\\symfony\\process\\Process.php:343)
[stacktrace]
#0 C:\\Users\\Jakarta1337\\Documents\\GitHub\\MSuccess\\vendor\\laravel\\framework\\src\\Illuminate\\Foundation\\Console\\ServeCommand.php(154): Symfony\\Component\\Process\\Process->start()
#1 C:\\Users\\Jakarta1337\\Documents\\GitHub\\MSuccess\\vendor\\laravel\\framework\\src\\Illuminate\\Foundation\\Console\\ServeCommand.php(93): Illuminate\\Foundation\\Console\\ServeCommand->startProcess()
#2 C:\\Users\\Jakarta1337\\Documents\\GitHub\\MSuccess\\vendor\\laravel\\framework\\src\\Illuminate\\Container\\BoundMethod.php(36): Illuminate\\Foundation\\Console\\ServeCommand->handle()
#3 C:\\Users\\Jakarta1337\\Documents\\GitHub\\MSuccess\\vendor\\laravel\\framework\\src\\Illuminate\\Container\\Util.php(41): Illuminate\\Container\\BoundMethod::{closure:Illuminate\\Container\\BoundMethod::call():35}()
#4 C:\\Users\\Jakarta1337\\Documents\\GitHub\\MSuccess\\vendor\\laravel\\framework\\src\\Illuminate\\Container\\BoundMethod.php(93): Illuminate\\Container\\Util::unwrapIfClosure()
#5 C:\\Users\\Jakarta1337\\Documents\\GitHub\\MSuccess\\vendor\\laravel\\framework\\src\\Illuminate\\Container\\BoundMethod.php(35): Illuminate\\Container\\BoundMethod::callBoundMethod()
#6 C:\\Users\\Jakarta1337\\Documents\\GitHub\\MSuccess\\vendor\\laravel\\framework\\src\\Illuminate\\Container\\Container.php(662): Illuminate\\Container\\BoundMethod::call()
#7 C:\\Users\\Jakarta1337\\Documents\\GitHub\\MSuccess\\vendor\\laravel\\framework\\src\\Illuminate\\Console\\Command.php(211): Illuminate\\Container\\Container->call()
#8 C:\\Users\\Jakarta1337\\Documents\\GitHub\\MSuccess\\vendor\\symfony\\console\\Command\\Command.php(326): Illuminate\\Console\\Command->execute()
#9 C:\\Users\\Jakarta1337\\Documents\\GitHub\\MSuccess\\vendor\\laravel\\framework\\src\\Illuminate\\Console\\Command.php(180): Symfony\\Component\\Console\\Command\\Command->run()
#10 C:\\Users\\Jakarta1337\\Documents\\GitHub\\MSuccess\\vendor\\symfony\\console\\Application.php(1096): Illuminate\\Console\\Command->run()
#11 C:\\Users\\Jakarta1337\\Documents\\GitHub\\MSuccess\\vendor\\symfony\\console\\Application.php(324): Symfony\\Component\\Console\\Application->doRunCommand()
#12 C:\\Users\\Jakarta1337\\Documents\\GitHub\\MSuccess\\vendor\\symfony\\console\\Application.php(175): Symfony\\Component\\Console\\Application->doRun()
#13 C:\\Users\\Jakarta1337\\Documents\\GitHub\\MSuccess\\vendor\\laravel\\framework\\src\\Illuminate\\Foundation\\Console\\Kernel.php(201): Symfony\\Component\\Console\\Application->run()
#14 C:\\Users\\Jakarta1337\\Documents\\GitHub\\MSuccess\\artisan(35): Illuminate\\Foundation\\Console\\Kernel->handle()
#15 {main}
"} 
[2025-05-18 11:30:20] local.ERROR: Undefined array key 1 {"exception":"[object] (ErrorException(code: 0): Undefined array key 1 at C:\\Users\\Jakarta1337\\Documents\\GitHub\\MSuccess\\vendor\\laravel\\framework\\src\\Illuminate\\Foundation\\Console\\ServeCommand.php:328)
[stacktrace]
#0 C:\\Users\\Jakarta1337\\Documents\\GitHub\\MSuccess\\vendor\\laravel\\framework\\src\\Illuminate\\Foundation\\Bootstrap\\HandleExceptions.php(255): Illuminate\\Foundation\\Bootstrap\\HandleExceptions->handleError()
#1 C:\\Users\\Jakarta1337\\Documents\\GitHub\\MSuccess\\vendor\\laravel\\framework\\src\\Illuminate\\Foundation\\Console\\ServeCommand.php(328): Illuminate\\Foundation\\Bootstrap\\HandleExceptions->{closure:Illuminate\\Foundation\\Bootstrap\\HandleExceptions::forwardsTo():254}()
#2 C:\\Users\\Jakarta1337\\Documents\\GitHub\\MSuccess\\vendor\\laravel\\framework\\src\\Illuminate\\Foundation\\Console\\ServeCommand.php(264): Illuminate\\Foundation\\Console\\ServeCommand->getDateFromLine()
#3 C:\\Users\\Jakarta1337\\Documents\\GitHub\\MSuccess\\vendor\\laravel\\framework\\src\\Illuminate\\Collections\\Traits\\EnumeratesValues.php(240): Illuminate\\Foundation\\Console\\ServeCommand->{closure:{closure:Illuminate\\Foundation\\Console\\ServeCommand::handleProcessOutput():248}:248}()
#4 C:\\Users\\Jakarta1337\\Documents\\GitHub\\MSuccess\\vendor\\laravel\\framework\\src\\Illuminate\\Foundation\\Console\\ServeCommand.php(248): Illuminate\\Support\\Collection->each()
#5 C:\\Users\\Jakarta1337\\Documents\\GitHub\\MSuccess\\vendor\\symfony\\process\\Process.php(1274): Illuminate\\Foundation\\Console\\ServeCommand->{closure:Illuminate\\Foundation\\Console\\ServeCommand::handleProcessOutput():248}()
#6 C:\\Users\\Jakarta1337\\Documents\\GitHub\\MSuccess\\vendor\\symfony\\process\\Process.php(1376): Symfony\\Component\\Process\\Process->{closure:Symfony\\Component\\Process\\Process::buildCallback():1267}()
#7 C:\\Users\\Jakarta1337\\Documents\\GitHub\\MSuccess\\vendor\\symfony\\process\\Process.php(1296): Symfony\\Component\\Process\\Process->readPipes()
#8 C:\\Users\\Jakarta1337\\Documents\\GitHub\\MSuccess\\vendor\\symfony\\process\\Process.php(838): Symfony\\Component\\Process\\Process->updateStatus()
#9 C:\\Users\\Jakarta1337\\Documents\\GitHub\\MSuccess\\vendor\\laravel\\framework\\src\\Illuminate\\Foundation\\Console\\ServeCommand.php(95): Symfony\\Component\\Process\\Process->isRunning()
#10 C:\\Users\\Jakarta1337\\Documents\\GitHub\\MSuccess\\vendor\\laravel\\framework\\src\\Illuminate\\Container\\BoundMethod.php(36): Illuminate\\Foundation\\Console\\ServeCommand->handle()
#11 C:\\Users\\Jakarta1337\\Documents\\GitHub\\MSuccess\\vendor\\laravel\\framework\\src\\Illuminate\\Container\\Util.php(41): Illuminate\\Container\\BoundMethod::{closure:Illuminate\\Container\\BoundMethod::call():35}()
#12 C:\\Users\\Jakarta1337\\Documents\\GitHub\\MSuccess\\vendor\\laravel\\framework\\src\\Illuminate\\Container\\BoundMethod.php(93): Illuminate\\Container\\Util::unwrapIfClosure()
#13 C:\\Users\\Jakarta1337\\Documents\\GitHub\\MSuccess\\vendor\\laravel\\framework\\src\\Illuminate\\Container\\BoundMethod.php(35): Illuminate\\Container\\BoundMethod::callBoundMethod()
#14 C:\\Users\\Jakarta1337\\Documents\\GitHub\\MSuccess\\vendor\\laravel\\framework\\src\\Illuminate\\Container\\Container.php(662): Illuminate\\Container\\BoundMethod::call()
#15 C:\\Users\\Jakarta1337\\Documents\\GitHub\\MSuccess\\vendor\\laravel\\framework\\src\\Illuminate\\Console\\Command.php(211): Illuminate\\Container\\Container->call()
#16 C:\\Users\\Jakarta1337\\Documents\\GitHub\\MSuccess\\vendor\\symfony\\console\\Command\\Command.php(326): Illuminate\\Console\\Command->execute()
#17 C:\\Users\\Jakarta1337\\Documents\\GitHub\\MSuccess\\vendor\\laravel\\framework\\src\\Illuminate\\Console\\Command.php(180): Symfony\\Component\\Console\\Command\\Command->run()
#18 C:\\Users\\Jakarta1337\\Documents\\GitHub\\MSuccess\\vendor\\symfony\\console\\Application.php(1096): Illuminate\\Console\\Command->run()
#19 C:\\Users\\Jakarta1337\\Documents\\GitHub\\MSuccess\\vendor\\symfony\\console\\Application.php(324): Symfony\\Component\\Console\\Application->doRunCommand()
#20 C:\\Users\\Jakarta1337\\Documents\\GitHub\\MSuccess\\vendor\\symfony\\console\\Application.php(175): Symfony\\Component\\Console\\Application->doRun()
#21 C:\\Users\\Jakarta1337\\Documents\\GitHub\\MSuccess\\vendor\\laravel\\framework\\src\\Illuminate\\Foundation\\Console\\Kernel.php(201): Symfony\\Component\\Console\\Application->run()
#22 C:\\Users\\Jakarta1337\\Documents\\GitHub\\MSuccess\\artisan(35): Illuminate\\Foundation\\Console\\Kernel->handle()
#23 {main}
"} 
[2025-05-18 11:30:20] local.ERROR: Undefined array key 1 {"exception":"[object] (ErrorException(code: 0): Undefined array key 1 at C:\\Users\\Jakarta1337\\Documents\\GitHub\\MSuccess\\vendor\\laravel\\framework\\src\\Illuminate\\Foundation\\Console\\ServeCommand.php:328)
[stacktrace]
#0 C:\\Users\\Jakarta1337\\Documents\\GitHub\\MSuccess\\vendor\\laravel\\framework\\src\\Illuminate\\Foundation\\Bootstrap\\HandleExceptions.php(255): Illuminate\\Foundation\\Bootstrap\\HandleExceptions->handleError()
#1 C:\\Users\\Jakarta1337\\Documents\\GitHub\\MSuccess\\vendor\\laravel\\framework\\src\\Illuminate\\Foundation\\Console\\ServeCommand.php(328): Illuminate\\Foundation\\Bootstrap\\HandleExceptions->{closure:Illuminate\\Foundation\\Bootstrap\\HandleExceptions::forwardsTo():254}()
#2 C:\\Users\\Jakarta1337\\Documents\\GitHub\\MSuccess\\vendor\\laravel\\framework\\src\\Illuminate\\Foundation\\Console\\ServeCommand.php(264): Illuminate\\Foundation\\Console\\ServeCommand->getDateFromLine()
#3 C:\\Users\\Jakarta1337\\Documents\\GitHub\\MSuccess\\vendor\\laravel\\framework\\src\\Illuminate\\Collections\\Traits\\EnumeratesValues.php(240): Illuminate\\Foundation\\Console\\ServeCommand->{closure:{closure:Illuminate\\Foundation\\Console\\ServeCommand::handleProcessOutput():248}:248}()
#4 C:\\Users\\Jakarta1337\\Documents\\GitHub\\MSuccess\\vendor\\laravel\\framework\\src\\Illuminate\\Foundation\\Console\\ServeCommand.php(248): Illuminate\\Support\\Collection->each()
#5 C:\\Users\\Jakarta1337\\Documents\\GitHub\\MSuccess\\vendor\\symfony\\process\\Process.php(1274): Illuminate\\Foundation\\Console\\ServeCommand->{closure:Illuminate\\Foundation\\Console\\ServeCommand::handleProcessOutput():248}()
#6 C:\\Users\\Jakarta1337\\Documents\\GitHub\\MSuccess\\vendor\\symfony\\process\\Process.php(1376): Symfony\\Component\\Process\\Process->{closure:Symfony\\Component\\Process\\Process::buildCallback():1267}()
#7 C:\\Users\\Jakarta1337\\Documents\\GitHub\\MSuccess\\vendor\\symfony\\process\\Process.php(1296): Symfony\\Component\\Process\\Process->readPipes()
#8 C:\\Users\\Jakarta1337\\Documents\\GitHub\\MSuccess\\vendor\\symfony\\process\\Process.php(838): Symfony\\Component\\Process\\Process->updateStatus()
#9 C:\\Users\\Jakarta1337\\Documents\\GitHub\\MSuccess\\vendor\\symfony\\process\\Process.php(889): Symfony\\Component\\Process\\Process->isRunning()
#10 C:\\Users\\Jakarta1337\\Documents\\GitHub\\MSuccess\\vendor\\symfony\\process\\Process.php(215): Symfony\\Component\\Process\\Process->stop()
#11 [internal function]: Symfony\\Component\\Process\\Process->__destruct()
#12 {main}
"} 
[2025-05-18 11:30:26] local.ERROR: Undefined array key 1 {"exception":"[object] (ErrorException(code: 0): Undefined array key 1 at C:\\Users\\Jakarta1337\\Documents\\GitHub\\MSuccess\\vendor\\laravel\\framework\\src\\Illuminate\\Foundation\\Console\\ServeCommand.php:328)
[stacktrace]
#0 C:\\Users\\Jakarta1337\\Documents\\GitHub\\MSuccess\\vendor\\laravel\\framework\\src\\Illuminate\\Foundation\\Bootstrap\\HandleExceptions.php(255): Illuminate\\Foundation\\Bootstrap\\HandleExceptions->handleError()
#1 C:\\Users\\Jakarta1337\\Documents\\GitHub\\MSuccess\\vendor\\laravel\\framework\\src\\Illuminate\\Foundation\\Console\\ServeCommand.php(328): Illuminate\\Foundation\\Bootstrap\\HandleExceptions->{closure:Illuminate\\Foundation\\Bootstrap\\HandleExceptions::forwardsTo():254}()
#2 C:\\Users\\Jakarta1337\\Documents\\GitHub\\MSuccess\\vendor\\laravel\\framework\\src\\Illuminate\\Foundation\\Console\\ServeCommand.php(264): Illuminate\\Foundation\\Console\\ServeCommand->getDateFromLine()
#3 C:\\Users\\Jakarta1337\\Documents\\GitHub\\MSuccess\\vendor\\laravel\\framework\\src\\Illuminate\\Collections\\Traits\\EnumeratesValues.php(240): Illuminate\\Foundation\\Console\\ServeCommand->{closure:{closure:Illuminate\\Foundation\\Console\\ServeCommand::handleProcessOutput():248}:248}()
#4 C:\\Users\\Jakarta1337\\Documents\\GitHub\\MSuccess\\vendor\\laravel\\framework\\src\\Illuminate\\Foundation\\Console\\ServeCommand.php(248): Illuminate\\Support\\Collection->each()
#5 C:\\Users\\Jakarta1337\\Documents\\GitHub\\MSuccess\\vendor\\symfony\\process\\Process.php(1274): Illuminate\\Foundation\\Console\\ServeCommand->{closure:Illuminate\\Foundation\\Console\\ServeCommand::handleProcessOutput():248}()
#6 C:\\Users\\Jakarta1337\\Documents\\GitHub\\MSuccess\\vendor\\symfony\\process\\Process.php(1376): Symfony\\Component\\Process\\Process->{closure:Symfony\\Component\\Process\\Process::buildCallback():1267}()
#7 C:\\Users\\Jakarta1337\\Documents\\GitHub\\MSuccess\\vendor\\symfony\\process\\Process.php(1296): Symfony\\Component\\Process\\Process->readPipes()
#8 C:\\Users\\Jakarta1337\\Documents\\GitHub\\MSuccess\\vendor\\symfony\\process\\Process.php(838): Symfony\\Component\\Process\\Process->updateStatus()
#9 C:\\Users\\Jakarta1337\\Documents\\GitHub\\MSuccess\\vendor\\laravel\\framework\\src\\Illuminate\\Foundation\\Console\\ServeCommand.php(95): Symfony\\Component\\Process\\Process->isRunning()
#10 C:\\Users\\Jakarta1337\\Documents\\GitHub\\MSuccess\\vendor\\laravel\\framework\\src\\Illuminate\\Container\\BoundMethod.php(36): Illuminate\\Foundation\\Console\\ServeCommand->handle()
#11 C:\\Users\\Jakarta1337\\Documents\\GitHub\\MSuccess\\vendor\\laravel\\framework\\src\\Illuminate\\Container\\Util.php(41): Illuminate\\Container\\BoundMethod::{closure:Illuminate\\Container\\BoundMethod::call():35}()
#12 C:\\Users\\Jakarta1337\\Documents\\GitHub\\MSuccess\\vendor\\laravel\\framework\\src\\Illuminate\\Container\\BoundMethod.php(93): Illuminate\\Container\\Util::unwrapIfClosure()
#13 C:\\Users\\Jakarta1337\\Documents\\GitHub\\MSuccess\\vendor\\laravel\\framework\\src\\Illuminate\\Container\\BoundMethod.php(35): Illuminate\\Container\\BoundMethod::callBoundMethod()
#14 C:\\Users\\Jakarta1337\\Documents\\GitHub\\MSuccess\\vendor\\laravel\\framework\\src\\Illuminate\\Container\\Container.php(662): Illuminate\\Container\\BoundMethod::call()
#15 C:\\Users\\Jakarta1337\\Documents\\GitHub\\MSuccess\\vendor\\laravel\\framework\\src\\Illuminate\\Console\\Command.php(211): Illuminate\\Container\\Container->call()
#16 C:\\Users\\Jakarta1337\\Documents\\GitHub\\MSuccess\\vendor\\symfony\\console\\Command\\Command.php(326): Illuminate\\Console\\Command->execute()
#17 C:\\Users\\Jakarta1337\\Documents\\GitHub\\MSuccess\\vendor\\laravel\\framework\\src\\Illuminate\\Console\\Command.php(180): Symfony\\Component\\Console\\Command\\Command->run()
#18 C:\\Users\\Jakarta1337\\Documents\\GitHub\\MSuccess\\vendor\\symfony\\console\\Application.php(1096): Illuminate\\Console\\Command->run()
#19 C:\\Users\\Jakarta1337\\Documents\\GitHub\\MSuccess\\vendor\\symfony\\console\\Application.php(324): Symfony\\Component\\Console\\Application->doRunCommand()
#20 C:\\Users\\Jakarta1337\\Documents\\GitHub\\MSuccess\\vendor\\symfony\\console\\Application.php(175): Symfony\\Component\\Console\\Application->doRun()
#21 C:\\Users\\Jakarta1337\\Documents\\GitHub\\MSuccess\\vendor\\laravel\\framework\\src\\Illuminate\\Foundation\\Console\\Kernel.php(201): Symfony\\Component\\Console\\Application->run()
#22 C:\\Users\\Jakarta1337\\Documents\\GitHub\\MSuccess\\artisan(35): Illuminate\\Foundation\\Console\\Kernel->handle()
#23 {main}
"} 
[2025-05-18 11:33:05] local.ERROR: Undefined array key 1 {"exception":"[object] (ErrorException(code: 0): Undefined array key 1 at C:\\Users\\Jakarta1337\\Documents\\GitHub\\MSuccess\\vendor\\laravel\\framework\\src\\Illuminate\\Foundation\\Console\\ServeCommand.php:328)
[stacktrace]
#0 C:\\Users\\Jakarta1337\\Documents\\GitHub\\MSuccess\\vendor\\laravel\\framework\\src\\Illuminate\\Foundation\\Bootstrap\\HandleExceptions.php(255): Illuminate\\Foundation\\Bootstrap\\HandleExceptions->handleError()
#1 C:\\Users\\Jakarta1337\\Documents\\GitHub\\MSuccess\\vendor\\laravel\\framework\\src\\Illuminate\\Foundation\\Console\\ServeCommand.php(328): Illuminate\\Foundation\\Bootstrap\\HandleExceptions->{closure:Illuminate\\Foundation\\Bootstrap\\HandleExceptions::forwardsTo():254}()
#2 C:\\Users\\Jakarta1337\\Documents\\GitHub\\MSuccess\\vendor\\laravel\\framework\\src\\Illuminate\\Foundation\\Console\\ServeCommand.php(264): Illuminate\\Foundation\\Console\\ServeCommand->getDateFromLine()
#3 C:\\Users\\Jakarta1337\\Documents\\GitHub\\MSuccess\\vendor\\laravel\\framework\\src\\Illuminate\\Collections\\Traits\\EnumeratesValues.php(240): Illuminate\\Foundation\\Console\\ServeCommand->{closure:{closure:Illuminate\\Foundation\\Console\\ServeCommand::handleProcessOutput():248}:248}()
#4 C:\\Users\\Jakarta1337\\Documents\\GitHub\\MSuccess\\vendor\\laravel\\framework\\src\\Illuminate\\Foundation\\Console\\ServeCommand.php(248): Illuminate\\Support\\Collection->each()
#5 C:\\Users\\Jakarta1337\\Documents\\GitHub\\MSuccess\\vendor\\symfony\\process\\Process.php(1274): Illuminate\\Foundation\\Console\\ServeCommand->{closure:Illuminate\\Foundation\\Console\\ServeCommand::handleProcessOutput():248}()
#6 C:\\Users\\Jakarta1337\\Documents\\GitHub\\MSuccess\\vendor\\symfony\\process\\Process.php(1376): Symfony\\Component\\Process\\Process->{closure:Symfony\\Component\\Process\\Process::buildCallback():1267}()
#7 C:\\Users\\Jakarta1337\\Documents\\GitHub\\MSuccess\\vendor\\symfony\\process\\Process.php(1296): Symfony\\Component\\Process\\Process->readPipes()
#8 C:\\Users\\Jakarta1337\\Documents\\GitHub\\MSuccess\\vendor\\symfony\\process\\Process.php(838): Symfony\\Component\\Process\\Process->updateStatus()
#9 C:\\Users\\Jakarta1337\\Documents\\GitHub\\MSuccess\\vendor\\laravel\\framework\\src\\Illuminate\\Foundation\\Console\\ServeCommand.php(95): Symfony\\Component\\Process\\Process->isRunning()
#10 C:\\Users\\Jakarta1337\\Documents\\GitHub\\MSuccess\\vendor\\laravel\\framework\\src\\Illuminate\\Container\\BoundMethod.php(36): Illuminate\\Foundation\\Console\\ServeCommand->handle()
#11 C:\\Users\\Jakarta1337\\Documents\\GitHub\\MSuccess\\vendor\\laravel\\framework\\src\\Illuminate\\Container\\Util.php(41): Illuminate\\Container\\BoundMethod::{closure:Illuminate\\Container\\BoundMethod::call():35}()
#12 C:\\Users\\Jakarta1337\\Documents\\GitHub\\MSuccess\\vendor\\laravel\\framework\\src\\Illuminate\\Container\\BoundMethod.php(93): Illuminate\\Container\\Util::unwrapIfClosure()
#13 C:\\Users\\Jakarta1337\\Documents\\GitHub\\MSuccess\\vendor\\laravel\\framework\\src\\Illuminate\\Container\\BoundMethod.php(35): Illuminate\\Container\\BoundMethod::callBoundMethod()
#14 C:\\Users\\Jakarta1337\\Documents\\GitHub\\MSuccess\\vendor\\laravel\\framework\\src\\Illuminate\\Container\\Container.php(662): Illuminate\\Container\\BoundMethod::call()
#15 C:\\Users\\Jakarta1337\\Documents\\GitHub\\MSuccess\\vendor\\laravel\\framework\\src\\Illuminate\\Console\\Command.php(211): Illuminate\\Container\\Container->call()
#16 C:\\Users\\Jakarta1337\\Documents\\GitHub\\MSuccess\\vendor\\symfony\\console\\Command\\Command.php(326): Illuminate\\Console\\Command->execute()
#17 C:\\Users\\Jakarta1337\\Documents\\GitHub\\MSuccess\\vendor\\laravel\\framework\\src\\Illuminate\\Console\\Command.php(180): Symfony\\Component\\Console\\Command\\Command->run()
#18 C:\\Users\\Jakarta1337\\Documents\\GitHub\\MSuccess\\vendor\\symfony\\console\\Application.php(1096): Illuminate\\Console\\Command->run()
#19 C:\\Users\\Jakarta1337\\Documents\\GitHub\\MSuccess\\vendor\\symfony\\console\\Application.php(324): Symfony\\Component\\Console\\Application->doRunCommand()
#20 C:\\Users\\Jakarta1337\\Documents\\GitHub\\MSuccess\\vendor\\symfony\\console\\Application.php(175): Symfony\\Component\\Console\\Application->doRun()
#21 C:\\Users\\Jakarta1337\\Documents\\GitHub\\MSuccess\\vendor\\laravel\\framework\\src\\Illuminate\\Foundation\\Console\\Kernel.php(201): Symfony\\Component\\Console\\Application->run()
#22 C:\\Users\\Jakarta1337\\Documents\\GitHub\\MSuccess\\artisan(35): Illuminate\\Foundation\\Console\\Kernel->handle()
#23 {main}
"} 
[2025-05-18 11:33:47] local.ERROR: Undefined array key 1 {"exception":"[object] (ErrorException(code: 0): Undefined array key 1 at C:\\Users\\Jakarta1337\\Documents\\GitHub\\MSuccess\\vendor\\laravel\\framework\\src\\Illuminate\\Foundation\\Console\\ServeCommand.php:328)
[stacktrace]
#0 C:\\Users\\Jakarta1337\\Documents\\GitHub\\MSuccess\\vendor\\laravel\\framework\\src\\Illuminate\\Foundation\\Bootstrap\\HandleExceptions.php(255): Illuminate\\Foundation\\Bootstrap\\HandleExceptions->handleError()
#1 C:\\Users\\Jakarta1337\\Documents\\GitHub\\MSuccess\\vendor\\laravel\\framework\\src\\Illuminate\\Foundation\\Console\\ServeCommand.php(328): Illuminate\\Foundation\\Bootstrap\\HandleExceptions->{closure:Illuminate\\Foundation\\Bootstrap\\HandleExceptions::forwardsTo():254}()
#2 C:\\Users\\Jakarta1337\\Documents\\GitHub\\MSuccess\\vendor\\laravel\\framework\\src\\Illuminate\\Foundation\\Console\\ServeCommand.php(264): Illuminate\\Foundation\\Console\\ServeCommand->getDateFromLine()
#3 C:\\Users\\Jakarta1337\\Documents\\GitHub\\MSuccess\\vendor\\laravel\\framework\\src\\Illuminate\\Collections\\Traits\\EnumeratesValues.php(240): Illuminate\\Foundation\\Console\\ServeCommand->{closure:{closure:Illuminate\\Foundation\\Console\\ServeCommand::handleProcessOutput():248}:248}()
#4 C:\\Users\\Jakarta1337\\Documents\\GitHub\\MSuccess\\vendor\\laravel\\framework\\src\\Illuminate\\Foundation\\Console\\ServeCommand.php(248): Illuminate\\Support\\Collection->each()
#5 C:\\Users\\Jakarta1337\\Documents\\GitHub\\MSuccess\\vendor\\symfony\\process\\Process.php(1274): Illuminate\\Foundation\\Console\\ServeCommand->{closure:Illuminate\\Foundation\\Console\\ServeCommand::handleProcessOutput():248}()
#6 C:\\Users\\Jakarta1337\\Documents\\GitHub\\MSuccess\\vendor\\symfony\\process\\Process.php(1376): Symfony\\Component\\Process\\Process->{closure:Symfony\\Component\\Process\\Process::buildCallback():1267}()
#7 C:\\Users\\Jakarta1337\\Documents\\GitHub\\MSuccess\\vendor\\symfony\\process\\Process.php(1296): Symfony\\Component\\Process\\Process->readPipes()
#8 C:\\Users\\Jakarta1337\\Documents\\GitHub\\MSuccess\\vendor\\symfony\\process\\Process.php(838): Symfony\\Component\\Process\\Process->updateStatus()
#9 C:\\Users\\Jakarta1337\\Documents\\GitHub\\MSuccess\\vendor\\laravel\\framework\\src\\Illuminate\\Foundation\\Console\\ServeCommand.php(95): Symfony\\Component\\Process\\Process->isRunning()
#10 C:\\Users\\Jakarta1337\\Documents\\GitHub\\MSuccess\\vendor\\laravel\\framework\\src\\Illuminate\\Container\\BoundMethod.php(36): Illuminate\\Foundation\\Console\\ServeCommand->handle()
#11 C:\\Users\\Jakarta1337\\Documents\\GitHub\\MSuccess\\vendor\\laravel\\framework\\src\\Illuminate\\Container\\Util.php(41): Illuminate\\Container\\BoundMethod::{closure:Illuminate\\Container\\BoundMethod::call():35}()
#12 C:\\Users\\Jakarta1337\\Documents\\GitHub\\MSuccess\\vendor\\laravel\\framework\\src\\Illuminate\\Container\\BoundMethod.php(93): Illuminate\\Container\\Util::unwrapIfClosure()
#13 C:\\Users\\Jakarta1337\\Documents\\GitHub\\MSuccess\\vendor\\laravel\\framework\\src\\Illuminate\\Container\\BoundMethod.php(35): Illuminate\\Container\\BoundMethod::callBoundMethod()
#14 C:\\Users\\Jakarta1337\\Documents\\GitHub\\MSuccess\\vendor\\laravel\\framework\\src\\Illuminate\\Container\\Container.php(662): Illuminate\\Container\\BoundMethod::call()
#15 C:\\Users\\Jakarta1337\\Documents\\GitHub\\MSuccess\\vendor\\laravel\\framework\\src\\Illuminate\\Console\\Command.php(211): Illuminate\\Container\\Container->call()
#16 C:\\Users\\Jakarta1337\\Documents\\GitHub\\MSuccess\\vendor\\symfony\\console\\Command\\Command.php(326): Illuminate\\Console\\Command->execute()
#17 C:\\Users\\Jakarta1337\\Documents\\GitHub\\MSuccess\\vendor\\laravel\\framework\\src\\Illuminate\\Console\\Command.php(180): Symfony\\Component\\Console\\Command\\Command->run()
#18 C:\\Users\\Jakarta1337\\Documents\\GitHub\\MSuccess\\vendor\\symfony\\console\\Application.php(1096): Illuminate\\Console\\Command->run()
#19 C:\\Users\\Jakarta1337\\Documents\\GitHub\\MSuccess\\vendor\\symfony\\console\\Application.php(324): Symfony\\Component\\Console\\Application->doRunCommand()
#20 C:\\Users\\Jakarta1337\\Documents\\GitHub\\MSuccess\\vendor\\symfony\\console\\Application.php(175): Symfony\\Component\\Console\\Application->doRun()
#21 C:\\Users\\Jakarta1337\\Documents\\GitHub\\MSuccess\\vendor\\laravel\\framework\\src\\Illuminate\\Foundation\\Console\\Kernel.php(201): Symfony\\Component\\Console\\Application->run()
#22 C:\\Users\\Jakarta1337\\Documents\\GitHub\\MSuccess\\artisan(35): Illuminate\\Foundation\\Console\\Kernel->handle()
#23 {main}
"} 
[2025-05-18 11:35:11] local.ERROR: Undefined array key 1 {"exception":"[object] (ErrorException(code: 0): Undefined array key 1 at C:\\Users\\Jakarta1337\\Documents\\GitHub\\MSuccess\\vendor\\laravel\\framework\\src\\Illuminate\\Foundation\\Console\\ServeCommand.php:328)
[stacktrace]
#0 C:\\Users\\Jakarta1337\\Documents\\GitHub\\MSuccess\\vendor\\laravel\\framework\\src\\Illuminate\\Foundation\\Bootstrap\\HandleExceptions.php(255): Illuminate\\Foundation\\Bootstrap\\HandleExceptions->handleError()
#1 C:\\Users\\Jakarta1337\\Documents\\GitHub\\MSuccess\\vendor\\laravel\\framework\\src\\Illuminate\\Foundation\\Console\\ServeCommand.php(328): Illuminate\\Foundation\\Bootstrap\\HandleExceptions->{closure:Illuminate\\Foundation\\Bootstrap\\HandleExceptions::forwardsTo():254}()
#2 C:\\Users\\Jakarta1337\\Documents\\GitHub\\MSuccess\\vendor\\laravel\\framework\\src\\Illuminate\\Foundation\\Console\\ServeCommand.php(264): Illuminate\\Foundation\\Console\\ServeCommand->getDateFromLine()
#3 C:\\Users\\Jakarta1337\\Documents\\GitHub\\MSuccess\\vendor\\laravel\\framework\\src\\Illuminate\\Collections\\Traits\\EnumeratesValues.php(240): Illuminate\\Foundation\\Console\\ServeCommand->{closure:{closure:Illuminate\\Foundation\\Console\\ServeCommand::handleProcessOutput():248}:248}()
#4 C:\\Users\\Jakarta1337\\Documents\\GitHub\\MSuccess\\vendor\\laravel\\framework\\src\\Illuminate\\Foundation\\Console\\ServeCommand.php(248): Illuminate\\Support\\Collection->each()
#5 C:\\Users\\Jakarta1337\\Documents\\GitHub\\MSuccess\\vendor\\symfony\\process\\Process.php(1274): Illuminate\\Foundation\\Console\\ServeCommand->{closure:Illuminate\\Foundation\\Console\\ServeCommand::handleProcessOutput():248}()
#6 C:\\Users\\Jakarta1337\\Documents\\GitHub\\MSuccess\\vendor\\symfony\\process\\Process.php(1376): Symfony\\Component\\Process\\Process->{closure:Symfony\\Component\\Process\\Process::buildCallback():1267}()
#7 C:\\Users\\Jakarta1337\\Documents\\GitHub\\MSuccess\\vendor\\symfony\\process\\Process.php(1296): Symfony\\Component\\Process\\Process->readPipes()
#8 C:\\Users\\Jakarta1337\\Documents\\GitHub\\MSuccess\\vendor\\symfony\\process\\Process.php(838): Symfony\\Component\\Process\\Process->updateStatus()
#9 C:\\Users\\Jakarta1337\\Documents\\GitHub\\MSuccess\\vendor\\laravel\\framework\\src\\Illuminate\\Foundation\\Console\\ServeCommand.php(95): Symfony\\Component\\Process\\Process->isRunning()
#10 C:\\Users\\Jakarta1337\\Documents\\GitHub\\MSuccess\\vendor\\laravel\\framework\\src\\Illuminate\\Container\\BoundMethod.php(36): Illuminate\\Foundation\\Console\\ServeCommand->handle()
#11 C:\\Users\\Jakarta1337\\Documents\\GitHub\\MSuccess\\vendor\\laravel\\framework\\src\\Illuminate\\Container\\Util.php(41): Illuminate\\Container\\BoundMethod::{closure:Illuminate\\Container\\BoundMethod::call():35}()
#12 C:\\Users\\Jakarta1337\\Documents\\GitHub\\MSuccess\\vendor\\laravel\\framework\\src\\Illuminate\\Container\\BoundMethod.php(93): Illuminate\\Container\\Util::unwrapIfClosure()
#13 C:\\Users\\Jakarta1337\\Documents\\GitHub\\MSuccess\\vendor\\laravel\\framework\\src\\Illuminate\\Container\\BoundMethod.php(35): Illuminate\\Container\\BoundMethod::callBoundMethod()
#14 C:\\Users\\Jakarta1337\\Documents\\GitHub\\MSuccess\\vendor\\laravel\\framework\\src\\Illuminate\\Container\\Container.php(662): Illuminate\\Container\\BoundMethod::call()
#15 C:\\Users\\Jakarta1337\\Documents\\GitHub\\MSuccess\\vendor\\laravel\\framework\\src\\Illuminate\\Console\\Command.php(211): Illuminate\\Container\\Container->call()
#16 C:\\Users\\Jakarta1337\\Documents\\GitHub\\MSuccess\\vendor\\symfony\\console\\Command\\Command.php(326): Illuminate\\Console\\Command->execute()
#17 C:\\Users\\Jakarta1337\\Documents\\GitHub\\MSuccess\\vendor\\laravel\\framework\\src\\Illuminate\\Console\\Command.php(180): Symfony\\Component\\Console\\Command\\Command->run()
#18 C:\\Users\\Jakarta1337\\Documents\\GitHub\\MSuccess\\vendor\\symfony\\console\\Application.php(1096): Illuminate\\Console\\Command->run()
#19 C:\\Users\\Jakarta1337\\Documents\\GitHub\\MSuccess\\vendor\\symfony\\console\\Application.php(324): Symfony\\Component\\Console\\Application->doRunCommand()
#20 C:\\Users\\Jakarta1337\\Documents\\GitHub\\MSuccess\\vendor\\symfony\\console\\Application.php(175): Symfony\\Component\\Console\\Application->doRun()
#21 C:\\Users\\Jakarta1337\\Documents\\GitHub\\MSuccess\\vendor\\laravel\\framework\\src\\Illuminate\\Foundation\\Console\\Kernel.php(201): Symfony\\Component\\Console\\Application->run()
#22 C:\\Users\\Jakarta1337\\Documents\\GitHub\\MSuccess\\artisan(35): Illuminate\\Foundation\\Console\\Kernel->handle()
#23 {main}
"} 
